2021-02-13 07:31:51,215 INFO Set uid to user 0 succeeded
2021-02-13 07:31:51,233 INFO supervisord started with pid 17
2021-02-13 07:31:52,238 INFO spawned: 'php' with pid 19
2021-02-13 07:31:53,243 INFO success: php entered RUNNING state, process has stayed up for > than 1 seconds (startsecs)
2021-02-13 07:32:42,840 INFO Set uid to user 0 succeeded
2021-02-13 07:32:42,844 INFO supervisord started with pid 10
2021-02-13 07:32:43,846 INFO spawned: 'php' with pid 12
2021-02-13 07:32:44,848 INFO success: php entered RUNNING state, process has stayed up for > than 1 seconds (startsecs)
2021-02-20 16:05:22,650 INFO Set uid to user 0 succeeded
2021-02-20 16:05:22,655 INFO supervisord started with pid 10
2021-02-20 16:05:23,659 INFO spawned: 'php' with pid 12
2021-02-20 16:05:24,661 INFO success: php entered RUNNING state, process has stayed up for > than 1 seconds (startsecs)
2021-02-20 16:05:31,967 INFO exited: php (exit status 1; not expected)
2021-02-20 16:05:32,971 INFO spawned: 'php' with pid 19
2021-02-20 16:05:33,986 INFO success: php entered RUNNING state, process has stayed up for > than 1 seconds (startsecs)
2021-02-20 16:05:36,068 INFO exited: php (exit status 1; not expected)
2021-02-20 16:05:37,071 INFO spawned: 'php' with pid 26
2021-02-20 16:05:38,072 INFO success: php entered RUNNING state, process has stayed up for > than 1 seconds (startsecs)
2021-02-20 16:05:40,157 INFO exited: php (exit status 1; not expected)
2021-02-20 16:05:41,160 INFO spawned: 'php' with pid 33
2021-02-20 16:05:42,172 INFO success: php entered RUNNING state, process has stayed up for > than 1 seconds (startsecs)
2021-02-20 16:05:46,589 INFO exited: php (exit status 1; not expected)
2021-02-20 16:05:47,592 INFO spawned: 'php' with pid 40
2021-02-20 16:05:48,594 INFO success: php entered RUNNING state, process has stayed up for > than 1 seconds (startsecs)
2021-02-20 16:05:50,854 INFO exited: php (exit status 1; not expected)
2021-02-20 16:05:51,857 INFO spawned: 'php' with pid 47
2021-02-20 16:05:52,859 INFO success: php entered RUNNING state, process has stayed up for > than 1 seconds (startsecs)
2021-02-20 16:05:54,867 INFO exited: php (exit status 1; not expected)
2021-02-20 16:05:55,870 INFO spawned: 'php' with pid 54
2021-02-20 16:05:56,875 INFO success: php entered RUNNING state, process has stayed up for > than 1 seconds (startsecs)
2021-02-20 16:05:58,812 INFO exited: php (exit status 1; not expected)
2021-02-20 16:05:59,815 INFO spawned: 'php' with pid 61
2021-02-20 16:06:00,817 INFO success: php entered RUNNING state, process has stayed up for > than 1 seconds (startsecs)
2021-02-20 16:06:02,720 INFO exited: php (exit status 1; not expected)
2021-02-20 16:06:03,723 INFO spawned: 'php' with pid 68
2021-02-20 16:06:04,725 INFO success: php entered RUNNING state, process has stayed up for > than 1 seconds (startsecs)
2021-02-20 16:06:06,630 INFO exited: php (exit status 1; not expected)
2021-02-20 16:06:07,633 INFO spawned: 'php' with pid 75
2021-02-20 16:06:08,635 INFO success: php entered RUNNING state, process has stayed up for > than 1 seconds (startsecs)
2021-02-20 16:06:11,133 INFO exited: php (exit status 1; not expected)
2021-02-20 16:06:12,136 INFO spawned: 'php' with pid 82
2021-02-20 16:06:13,138 INFO success: php entered RUNNING state, process has stayed up for > than 1 seconds (startsecs)
2021-02-20 16:06:15,225 INFO exited: php (exit status 1; not expected)
2021-02-20 16:06:16,228 INFO spawned: 'php' with pid 89
2021-02-20 16:06:17,230 INFO success: php entered RUNNING state, process has stayed up for > than 1 seconds (startsecs)
2021-02-20 16:06:19,381 INFO exited: php (exit status 1; not expected)
2021-02-20 16:06:20,384 INFO spawned: 'php' with pid 96
2021-02-20 16:06:21,386 INFO success: php entered RUNNING state, process has stayed up for > than 1 seconds (startsecs)
2021-02-20 16:06:23,474 INFO exited: php (exit status 1; not expected)
2021-02-20 16:06:24,477 INFO spawned: 'php' with pid 103
2021-02-20 16:06:25,482 INFO success: php entered RUNNING state, process has stayed up for > than 1 seconds (startsecs)
2021-02-20 16:06:27,528 INFO exited: php (exit status 1; not expected)
2021-02-20 16:06:28,531 INFO spawned: 'php' with pid 110
2021-02-20 16:06:29,533 INFO success: php entered RUNNING state, process has stayed up for > than 1 seconds (startsecs)
2021-02-20 16:06:31,545 INFO exited: php (exit status 1; not expected)
2021-02-20 16:06:32,547 INFO spawned: 'php' with pid 117
2021-02-20 16:06:33,549 INFO success: php entered RUNNING state, process has stayed up for > than 1 seconds (startsecs)
2021-02-20 16:06:37,389 INFO exited: php (exit status 1; not expected)
2021-02-20 16:06:38,418 INFO spawned: 'php' with pid 124
2021-02-20 16:06:39,420 INFO success: php entered RUNNING state, process has stayed up for > than 1 seconds (startsecs)
2021-02-20 16:06:43,162 INFO exited: php (exit status 1; not expected)
2021-02-20 16:06:44,165 INFO spawned: 'php' with pid 131
2021-02-20 16:06:45,166 INFO success: php entered RUNNING state, process has stayed up for > than 1 seconds (startsecs)
2021-02-20 16:06:47,100 INFO exited: php (exit status 1; not expected)
2021-02-20 16:06:48,102 INFO spawned: 'php' with pid 138
2021-02-20 16:06:49,107 INFO success: php entered RUNNING state, process has stayed up for > than 1 seconds (startsecs)
2021-02-20 16:06:51,409 INFO exited: php (exit status 1; not expected)
2021-02-20 16:06:52,412 INFO spawned: 'php' with pid 145
2021-02-20 16:06:53,416 INFO success: php entered RUNNING state, process has stayed up for > than 1 seconds (startsecs)
2021-02-20 16:06:55,551 INFO exited: php (exit status 1; not expected)
2021-02-20 16:06:56,555 INFO spawned: 'php' with pid 152
2021-02-20 16:06:57,557 INFO success: php entered RUNNING state, process has stayed up for > than 1 seconds (startsecs)
2021-02-20 16:06:59,821 INFO exited: php (exit status 1; not expected)
2021-02-20 16:07:00,824 INFO spawned: 'php' with pid 159
2021-02-20 16:07:01,826 INFO success: php entered RUNNING state, process has stayed up for > than 1 seconds (startsecs)
2021-02-20 16:07:03,891 INFO exited: php (exit status 1; not expected)
2021-02-20 16:07:04,894 INFO spawned: 'php' with pid 166
2021-02-20 16:07:05,899 INFO success: php entered RUNNING state, process has stayed up for > than 1 seconds (startsecs)
2021-02-20 16:07:07,965 INFO exited: php (exit status 1; not expected)
2021-02-20 16:07:08,969 INFO spawned: 'php' with pid 173
2021-02-20 16:07:09,975 INFO success: php entered RUNNING state, process has stayed up for > than 1 seconds (startsecs)
2021-02-20 16:07:12,077 INFO exited: php (exit status 1; not expected)
2021-02-20 16:07:13,080 INFO spawned: 'php' with pid 180
2021-02-20 16:07:14,082 INFO success: php entered RUNNING state, process has stayed up for > than 1 seconds (startsecs)
2021-02-20 16:07:16,075 INFO exited: php (exit status 1; not expected)
2021-02-20 16:07:17,078 INFO spawned: 'php' with pid 187
2021-02-20 16:10:02,436 INFO Set uid to user 0 succeeded
2021-02-20 16:10:02,441 INFO supervisord started with pid 16
2021-02-20 16:10:03,444 INFO spawned: 'php' with pid 18
2021-02-20 16:10:04,446 INFO success: php entered RUNNING state, process has stayed up for > than 1 seconds (startsecs)
2021-02-23 10:05:55,425 INFO Set uid to user 0 succeeded
2021-02-23 10:05:55,476 INFO supervisord started with pid 16
2021-02-23 10:05:56,480 INFO spawned: 'php' with pid 18
2021-02-23 10:05:57,484 INFO success: php entered RUNNING state, process has stayed up for > than 1 seconds (startsecs)
2021-02-23 11:07:48,537 INFO Set uid to user 0 succeeded
2021-02-23 11:07:48,561 INFO supervisord started with pid 17
2021-02-23 11:07:49,566 INFO spawned: 'php' with pid 19
2021-02-23 11:07:50,568 INFO success: php entered RUNNING state, process has stayed up for > than 1 seconds (startsecs)
2021-02-23 12:45:41,079 INFO Set uid to user 0 succeeded
2021-02-23 12:45:41,433 INFO supervisord started with pid 16
2021-02-23 12:45:42,436 INFO spawned: 'php' with pid 18
2021-02-23 12:45:43,438 INFO success: php entered RUNNING state, process has stayed up for > than 1 seconds (startsecs)
2021-02-24 11:49:27,023 INFO Set uid to user 0 succeeded
2021-02-24 11:49:27,039 INFO supervisord started with pid 16
2021-02-24 11:49:28,083 INFO spawned: 'php' with pid 18
2021-02-24 11:49:29,084 INFO success: php entered RUNNING state, process has stayed up for > than 1 seconds (startsecs)
2021-02-25 06:58:42,309 INFO Set uid to user 0 succeeded
2021-02-25 06:58:42,348 INFO supervisord started with pid 16
2021-02-25 06:58:43,354 INFO spawned: 'php' with pid 18
2021-02-25 06:58:44,357 INFO success: php entered RUNNING state, process has stayed up for > than 1 seconds (startsecs)
2021-02-26 02:26:17,528 INFO Set uid to user 0 succeeded
2021-02-26 02:26:17,550 INFO supervisord started with pid 17
2021-02-26 02:26:18,601 INFO spawned: 'php' with pid 19
2021-02-26 02:26:19,604 INFO success: php entered RUNNING state, process has stayed up for > than 1 seconds (startsecs)
2021-02-26 03:57:06,284 INFO Set uid to user 0 succeeded
2021-02-26 03:57:06,305 INFO supervisord started with pid 16
2021-02-26 03:57:07,314 INFO spawned: 'php' with pid 18
2021-02-26 03:57:08,316 INFO success: php entered RUNNING state, process has stayed up for > than 1 seconds (startsecs)
2021-02-27 04:16:51,871 INFO Set uid to user 0 succeeded
2021-02-27 04:16:51,899 INFO supervisord started with pid 17
2021-02-27 04:16:52,916 INFO spawned: 'php' with pid 19
2021-02-27 04:16:53,919 INFO success: php entered RUNNING state, process has stayed up for > than 1 seconds (startsecs)
2021-02-27 07:34:01,970 INFO Set uid to user 0 succeeded
2021-02-27 07:34:02,004 INFO supervisord started with pid 16
2021-02-27 07:34:03,020 INFO spawned: 'php' with pid 18
2021-02-27 07:34:04,034 INFO success: php entered RUNNING state, process has stayed up for > than 1 seconds (startsecs)
2021-02-27 12:51:47,097 INFO Set uid to user 0 succeeded
2021-02-27 12:51:47,124 INFO supervisord started with pid 17
2021-02-27 12:51:48,143 INFO spawned: 'php' with pid 19
2021-02-27 12:51:49,151 INFO success: php entered RUNNING state, process has stayed up for > than 1 seconds (startsecs)
2021-02-28 05:24:46,983 INFO Set uid to user 0 succeeded
2021-02-28 05:24:47,079 INFO supervisord started with pid 17
2021-02-28 05:24:48,091 INFO spawned: 'php' with pid 19
2021-02-28 05:24:49,093 INFO success: php entered RUNNING state, process has stayed up for > than 1 seconds (startsecs)
2021-03-01 04:26:34,239 INFO Set uid to user 0 succeeded
2021-03-01 04:26:34,282 INFO supervisord started with pid 16
2021-03-01 04:26:35,287 INFO spawned: 'php' with pid 18
2021-03-01 04:26:36,291 INFO success: php entered RUNNING state, process has stayed up for > than 1 seconds (startsecs)
2021-03-01 17:58:35,561 INFO Set uid to user 0 succeeded
2021-03-01 17:58:35,589 INFO supervisord started with pid 16
2021-03-01 17:58:36,593 INFO spawned: 'php' with pid 18
2021-03-01 17:58:37,596 INFO success: php entered RUNNING state, process has stayed up for > than 1 seconds (startsecs)
2021-03-02 05:21:12,043 INFO Set uid to user 0 succeeded
2021-03-02 05:21:12,061 INFO supervisord started with pid 16
2021-03-02 05:21:13,065 INFO spawned: 'php' with pid 18
2021-03-02 05:21:14,067 INFO success: php entered RUNNING state, process has stayed up for > than 1 seconds (startsecs)
2021-03-03 05:08:37,967 INFO Set uid to user 0 succeeded
2021-03-03 05:08:37,979 INFO supervisord started with pid 17
2021-03-03 05:08:38,981 INFO spawned: 'php' with pid 19
2021-03-03 05:08:39,983 INFO success: php entered RUNNING state, process has stayed up for > than 1 seconds (startsecs)
2021-03-03 08:18:15,862 INFO Set uid to user 0 succeeded
2021-03-03 08:18:15,890 INFO supervisord started with pid 17
2021-03-03 08:18:16,894 INFO spawned: 'php' with pid 19
2021-03-03 08:18:17,896 INFO success: php entered RUNNING state, process has stayed up for > than 1 seconds (startsecs)
2021-03-03 16:27:46,602 INFO Set uid to user 0 succeeded
2021-03-03 16:27:46,608 INFO supervisord started with pid 16
2021-03-03 16:27:47,613 INFO spawned: 'php' with pid 18
2021-03-03 16:27:48,616 INFO success: php entered RUNNING state, process has stayed up for > than 1 seconds (startsecs)
